<?xml version="1.0" encoding="UTF-8"?>
<testsuite xmlns:xsi="http://www.w3.org/2001/XMLSchema-instance" xsi:schemaLocation="https://maven.apache.org/surefire/maven-surefire-plugin/xsd/surefire-test-report.xsd" name="TestSuite" time="10.857" tests="2" errors="0" skipped="0" failures="1">
  <properties>
    <property name="java.runtime.name" value="Java(TM) SE Runtime Environment"/>
    <property name="sun.boot.library.path" value="C:\Program Files\Java\jdk1.8.0_111\jre\bin"/>
    <property name="java.vm.version" value="25.111-b14"/>
    <property name="java.vm.vendor" value="Oracle Corporation"/>
    <property name="maven.multiModuleProjectDirectory" value="C:/Users/bogim/eclipse-workspace/qaengineer"/>
    <property name="java.vendor.url" value="http://java.oracle.com/"/>
    <property name="path.separator" value=";"/>
    <property name="guice.disable.misplaced.annotation.check" value="true"/>
    <property name="java.vm.name" value="Java HotSpot(TM) 64-Bit Server VM"/>
    <property name="file.encoding.pkg" value="sun.io"/>
    <property name="user.script" value=""/>
    <property name="user.country" value="ID"/>
    <property name="sun.java.launcher" value="SUN_STANDARD"/>
    <property name="sun.os.patch.level" value=""/>
    <property name="java.vm.specification.name" value="Java Virtual Machine Specification"/>
    <property name="user.dir" value="C:\Users\bogim\eclipse-workspace\qaengineer"/>
    <property name="java.runtime.version" value="1.8.0_111-b14"/>
    <property name="java.awt.graphicsenv" value="sun.awt.Win32GraphicsEnvironment"/>
    <property name="java.endorsed.dirs" value="C:\Program Files\Java\jdk1.8.0_111\jre\lib\endorsed"/>
    <property name="os.arch" value="amd64"/>
    <property name="java.io.tmpdir" value="C:\Users\bogim\AppData\Local\Temp\"/>
    <property name="line.separator" value="&#10;"/>
    <property name="java.vm.specification.vendor" value="Oracle Corporation"/>
    <property name="user.variant" value=""/>
    <property name="os.name" value="Windows 10"/>
    <property name="suiteXmlFile" value="testng.xml"/>
    <property name="classworlds.conf" value="C:/Program Files/apache-maven-3.9.1/bin/m2.conf"/>
    <property name="sun.jnu.encoding" value="Cp1252"/>
    <property name="java.library.path" value="C:\Program Files\Java\jdk1.8.0_111\bin;C:\WINDOWS\Sun\Java\bin;C:\WINDOWS\system32;C:\WINDOWS;C:\Users\bogim\bin;C:\Program Files\Git\mingw64\bin;C:\Program Files\Git\usr\local\bin;C:\Program Files\Git\usr\bin;C:\Program Files\Git\usr\bin;C:\Program Files\Git\mingw64\bin;C:\Program Files\Git\usr\bin;C:\Users\bogim\bin;C:\Program Files\Python39\Scripts;C:\Program Files\Python39;C:\Program Files (x86)\Common Files\Intel\Shared Files\cpp\bin\Intel64;C:\Program Files (x86)\Common Files\Oracle\Java\javapath;C:\ProgramData\Oracle\Java\javapath;C:\WINDOWS\system32;C:\WINDOWS;C:\WINDOWS\System32\Wbem;C:\WINDOWS\System32\WindowsPowerShell\v1.0;C:\WINDOWS\System32\OpenSSH;C:\Program Files\Git\cmd;C:\Program Files\apache-maven-3.9.1\bin;C:\Users\bogim\AppData\Local\Microsoft\WindowsApps;C:\Users\bogim\AppData\Local\Programs\Microsoft VS Code\bin;C:\Users\bogim\AppData\Local\scoop\shims;C:\Program Files\Git\usr\bin\vendor_perl;C:\Program Files\Git\usr\bin\core_perl;."/>
    <property name="maven.conf" value="C:/Program Files/apache-maven-3.9.1/conf"/>
    <property name="java.specification.name" value="Java Platform API Specification"/>
    <property name="java.class.version" value="52.0"/>
    <property name="sun.management.compiler" value="HotSpot 64-Bit Tiered Compilers"/>
    <property name="os.version" value="10.0"/>
    <property name="library.jansi.path" value="C:/Program Files/apache-maven-3.9.1/lib/jansi-native"/>
    <property name="user.home" value="C:\Users\bogim"/>
    <property name="user.timezone" value="Asia/Bangkok"/>
    <property name="java.awt.printerjob" value="sun.awt.windows.WPrinterJob"/>
    <property name="java.specification.version" value="1.8"/>
    <property name="file.encoding" value="Cp1252"/>
    <property name="user.name" value="bogim"/>
    <property name="java.class.path" value="C:/Program Files/apache-maven-3.9.1/boot/plexus-classworlds-2.6.0.jar"/>
    <property name="org.slf4j.simpleLogger.defaultLogLevel" value="debug"/>
    <property name="java.vm.specification.version" value="1.8"/>
    <property name="sun.arch.data.model" value="64"/>
    <property name="java.home" value="C:\Program Files\Java\jdk1.8.0_111\jre"/>
    <property name="sun.java.command" value="org.codehaus.plexus.classworlds.launcher.Launcher clean test -DsuiteXmlFile=testng.xml -X"/>
    <property name="java.specification.vendor" value="Oracle Corporation"/>
    <property name="user.language" value="en"/>
    <property name="awt.toolkit" value="sun.awt.windows.WToolkit"/>
    <property name="java.vm.info" value="mixed mode"/>
    <property name="java.version" value="1.8.0_111"/>
    <property name="java.ext.dirs" value="C:\Program Files\Java\jdk1.8.0_111\jre\lib\ext;C:\WINDOWS\Sun\Java\lib\ext"/>
    <property name="sun.boot.class.path" value="C:\Program Files\Java\jdk1.8.0_111\jre\lib\resources.jar;C:\Program Files\Java\jdk1.8.0_111\jre\lib\rt.jar;C:\Program Files\Java\jdk1.8.0_111\jre\lib\sunrsasign.jar;C:\Program Files\Java\jdk1.8.0_111\jre\lib\jsse.jar;C:\Program Files\Java\jdk1.8.0_111\jre\lib\jce.jar;C:\Program Files\Java\jdk1.8.0_111\jre\lib\charsets.jar;C:\Program Files\Java\jdk1.8.0_111\jre\lib\jfr.jar;C:\Program Files\Java\jdk1.8.0_111\jre\classes"/>
    <property name="java.vendor" value="Oracle Corporation"/>
    <property name="maven.home" value="C:\Program Files\apache-maven-3.9.1"/>
    <property name="file.separator" value="\"/>
    <property name="java.vendor.url.bug" value="http://bugreport.sun.com/bugreport/"/>
    <property name="sun.cpu.endian" value="little"/>
    <property name="sun.io.unicode.encoding" value="UnicodeLittle"/>
    <property name="sun.desktop" value="windows"/>
    <property name="sun.cpu.isalist" value="amd64"/>
  </properties>
  <testcase name="cekUsers" classname="testautomation.qaengineer.GraphQlTest" time="5.138"/>
  <testcase name="getUsersName" classname="testautomation.qaengineer.GraphQlTest" time="2.062">
    <failure message="1 expectation failed.&#10;JSON path data.users[1].name doesn&apos;t match.&#10;Expected: dassad&#10;  Actual: null&#10;" type="java.lang.AssertionError">java.lang.AssertionError: 
1 expectation failed.
JSON path data.users[1].name doesn't match.
Expected: dassad
  Actual: null

	at testautomation.qaengineer.GraphQlTest.getUsersName(GraphQlTest.java:45)
</failure>
    <system-out><![CDATA[Request method:	POST
Request URI:	https://hasura.io/learn/graphql
Proxy:			<none>
Request params:	<none>
Query params:	<none>
Form params:	<none>
Path params:	<none>
Headers:		Authorization=Bearer eyJhbGciOiJSUzI1NiIsInR5cCI6IkpXVCIsImtpZCI6Ik9FWTJSVGM1UlVOR05qSXhSRUV5TURJNFFUWXdNekZETWtReU1EQXdSVUV4UVVRM05EazFNQSJ9.eyJodHRwczovL2hhc3VyYS5pby9qd3QvY2xhaW1zIjp7IngtaGFzdXJhLWRlZmF1bHQtcm9sZSI6InVzZXIiLCJ4LWhhc3VyYS1hbGxvd2VkLXJvbGVzIjpbInVzZXIiXSwieC1oYXN1cmEtdXNlci1pZCI6ImF1dGgwfDY0NTUzZmJjMWM1ODE0MTFkODUwZWY0ZiJ9LCJuaWNrbmFtZSI6ImJvZ2ltYWhlbmRyYTI3IiwibmFtZSI6ImJvZ2ltYWhlbmRyYTI3QGdtYWlsLmNvbSIsInBpY3R1cmUiOiJodHRwczovL3MuZ3JhdmF0YXIuY29tL2F2YXRhci9jOWIwYmVjNjk3Yzc1MmIwMDhkMTZkZWEyNzkzZTM2MT9zPTQ4MCZyPXBnJmQ9aHR0cHMlM0ElMkYlMkZjZG4uYXV0aDAuY29tJTJGYXZhdGFycyUyRmJvLnBuZyIsInVwZGF0ZWRfYXQiOiIyMDIzLTA1LTA1VDE3OjQxOjE3LjI2OFoiLCJpc3MiOiJodHRwczovL2dyYXBocWwtdHV0b3JpYWxzLmF1dGgwLmNvbS8iLCJhdWQiOiJQMzhxbkZvMWxGQVFKcnprdW4tLXdFenFsalZOR2NXVyIsImlhdCI6MTY4MzM2OTYyOCwiZXhwIjoxNjgzNDA1NjI4LCJzdWIiOiJhdXRoMHw2NDU1M2ZiYzFjNTgxNDExZDg1MGVmNGYiLCJhdF9oYXNoIjoid0NpRkgxaDlNZ3hKN2cxa0hpUEtUZyIsInNpZCI6IjRzWWtPRERZRm9CTmFPT1lwdWVhckFkYjFjQmtlckZEIiwibm9uY2UiOiIzY2hSd25yUGE5NnB3UHRJbEZnS1lhZkE3enNETDB2RSJ9.ne5k_c2bjH7oWmBqkRUuugPTKKe27uv4yOelmC_LyxTDcFRl6yhLs2SxNyvf0s-AjTbzpEmjs7YM-gMsBjSkZL26YY6xAUZ2P9RQiN3450JbVi3cdKVi9wKdFRwNZQMu6o6jOJHniNvASRg50esRvPpjTs1Z7WkHfIz11TldBhICYXLfXEL6WanH4EvlQoaMTqg7Mgh_DYP0PryKD0Q8jvIdKaeokRwyRsPXc7hVsPb6aeRt42d9iHXAT-eyRrioqMccnMUFgYT54sgsj5R4HlQnKji6jenjDQzBQPvQMO68vQ0E4nty5AGstXs_5Z8MghBYmWMdhOk-wa6QQAUJrQ
				Accept=*/*
				Content-Type=application/json; charset=UTF-8
Cookies:		<none>
Multiparts:		<none>
Body:
{
    "query": "{\n  users(limit:5) {\n    name\n  }\n}\n",
    "variables": null
}
Request method:	POST
Request URI:	https://hasura.io/learn/graphql
Proxy:			<none>
Request params:	<none>
Query params:	<none>
Form params:	<none>
Path params:	<none>
Headers:		Authorization=Bearer eyJhbGciOiJSUzI1NiIsInR5cCI6IkpXVCIsImtpZCI6Ik9FWTJSVGM1UlVOR05qSXhSRUV5TURJNFFUWXdNekZETWtReU1EQXdSVUV4UVVRM05EazFNQSJ9.eyJodHRwczovL2hhc3VyYS5pby9qd3QvY2xhaW1zIjp7IngtaGFzdXJhLWRlZmF1bHQtcm9sZSI6InVzZXIiLCJ4LWhhc3VyYS1hbGxvd2VkLXJvbGVzIjpbInVzZXIiXSwieC1oYXN1cmEtdXNlci1pZCI6ImF1dGgwfDY0NTUzZmJjMWM1ODE0MTFkODUwZWY0ZiJ9LCJuaWNrbmFtZSI6ImJvZ2ltYWhlbmRyYTI3IiwibmFtZSI6ImJvZ2ltYWhlbmRyYTI3QGdtYWlsLmNvbSIsInBpY3R1cmUiOiJodHRwczovL3MuZ3JhdmF0YXIuY29tL2F2YXRhci9jOWIwYmVjNjk3Yzc1MmIwMDhkMTZkZWEyNzkzZTM2MT9zPTQ4MCZyPXBnJmQ9aHR0cHMlM0ElMkYlMkZjZG4uYXV0aDAuY29tJTJGYXZhdGFycyUyRmJvLnBuZyIsInVwZGF0ZWRfYXQiOiIyMDIzLTA1LTA1VDE3OjQxOjE3LjI2OFoiLCJpc3MiOiJodHRwczovL2dyYXBocWwtdHV0b3JpYWxzLmF1dGgwLmNvbS8iLCJhdWQiOiJQMzhxbkZvMWxGQVFKcnprdW4tLXdFenFsalZOR2NXVyIsImlhdCI6MTY4MzM2OTYyOCwiZXhwIjoxNjgzNDA1NjI4LCJzdWIiOiJhdXRoMHw2NDU1M2ZiYzFjNTgxNDExZDg1MGVmNGYiLCJhdF9oYXNoIjoid0NpRkgxaDlNZ3hKN2cxa0hpUEtUZyIsInNpZCI6IjRzWWtPRERZRm9CTmFPT1lwdWVhckFkYjFjQmtlckZEIiwibm9uY2UiOiIzY2hSd25yUGE5NnB3UHRJbEZnS1lhZkE3enNETDB2RSJ9.ne5k_c2bjH7oWmBqkRUuugPTKKe27uv4yOelmC_LyxTDcFRl6yhLs2SxNyvf0s-AjTbzpEmjs7YM-gMsBjSkZL26YY6xAUZ2P9RQiN3450JbVi3cdKVi9wKdFRwNZQMu6o6jOJHniNvASRg50esRvPpjTs1Z7WkHfIz11TldBhICYXLfXEL6WanH4EvlQoaMTqg7Mgh_DYP0PryKD0Q8jvIdKaeokRwyRsPXc7hVsPb6aeRt42d9iHXAT-eyRrioqMccnMUFgYT54sgsj5R4HlQnKji6jenjDQzBQPvQMO68vQ0E4nty5AGstXs_5Z8MghBYmWMdhOk-wa6QQAUJrQ
				Accept=*/*
				Content-Type=application/json; charset=UTF-8
Cookies:		<none>
Multiparts:		<none>
Body:
{
    "query": "{\n  users(limit:5) {\n    name\n  }\n}\n",
    "variables": null
}
HTTP/1.1 200 OK
Date: Sun, 07 May 2023 07:59:51 GMT
Content-Type: application/json; charset=utf-8
Transfer-Encoding: chunked
Connection: keep-alive
CF-Cache-Status: DYNAMIC
Content-Security-Policy: upgrade-insecure-requests
Referrer-Policy: strict-origin-when-cross-origin
Strict-Transport-Security: max-age=31536000; includeSubDomains
X-Content-Type-Options: nosniff
X-Frame-Options: SAMEORIGIN
X-XSS-Protection: 0
Content-Encoding: gzip
Server: cloudflare
CF-RAY: 7c37ed068d2b3dfc-SIN

{
    "errors": [
        {
            "extensions": {
                "code": "access-denied",
                "path": "$"
            },
            "message": "Authentication hook unauthorized this request"
        }
    ]
}
]]></system-out>
  </testcase>
</testsuite>