<?xml version="1.0" encoding="UTF-8"?>
<!-- Generated by org.testng.reporters.JUnitReportReporter -->
<testsuite hostname="DESKTOP-8G24FNN" failures="0" tests="1" name="testautomation.qaengineer.GraphQlTest" time="7.626" errors="0" timestamp="2023-05-17T20:39:36 WIB" skipped="0">
  <testcase classname="testautomation.qaengineer.GraphQlTest" name="CekTodosCompleted" time="7.626"/>
  <system-out/>
</testsuite> <!-- testautomation.qaengineer.GraphQlTest -->
