<?xml version="1.0" encoding="UTF-8"?>
<!-- Generated by org.testng.reporters.JUnitReportReporter -->
<testsuite hostname="DESKTOP-8G24FNN" failures="0" tests="3" name="testautomation.qaengineer.AppTest2" time="28.078" errors="0" timestamp="2023-05-01T20:00:27 WIB" skipped="0">
  <testcase classname="testautomation.qaengineer.AppTest2" name="LoginUsernameNull" time="6.343"/>
  <system-out/>
  <testcase classname="testautomation.qaengineer.AppTest2" name="LoginValid" time="6.435"/>
  <system-out/>
  <testcase classname="testautomation.qaengineer.AppTest2" name="LoginPassInvalid" time="15.300"/>
  <system-out/>
</testsuite> <!-- testautomation.qaengineer.AppTest2 -->
