<?xml version="1.0" encoding="UTF-8"?>
<!-- Generated by org.testng.reporters.JUnitReportReporter -->
<testsuite hostname="DESKTOP-8G24FNN" failures="0" tests="1" name="testautomation.qaengineer.CommonPageTest" time="18.282" errors="0" timestamp="2023-03-29T14:41:08 WIB" skipped="0">
  <testcase classname="testautomation.qaengineer.CommonPageTest" name="testJS" time="18.282"/>
  <system-out/>
</testsuite> <!-- testautomation.qaengineer.CommonPageTest -->
