<?xml version="1.0" encoding="UTF-8"?>
<!-- Generated by org.testng.reporters.JUnitReportReporter -->
<testsuite hostname="DESKTOP-8G24FNN" failures="0" tests="2" name="testautomation.qaengineer.APITest" time="8.401" errors="0" timestamp="2023-04-05T15:17:04 WIB" skipped="0">
  <testcase classname="testautomation.qaengineer.APITest" name="loginAPI" time="6.588"/>
  <system-out/>
  <testcase classname="testautomation.qaengineer.APITest" name="dashboardAPI" time="1.813"/>
  <system-out/>
</testsuite> <!-- testautomation.qaengineer.APITest -->
