<?xml version="1.0" encoding="UTF-8"?>
<!-- Generated by org.testng.reporters.JUnitReportReporter -->
<testsuite hostname="DESKTOP-8G24FNN" failures="0" tests="2" name="testautomation.qaengineer.CommonPageTest" time="32.901" errors="0" timestamp="2023-05-17T20:56:38 WIB" skipped="0">
  <testcase classname="testautomation.qaengineer.CommonPageTest" name="testJS" time="9.626"/>
  <system-out/>
  <testcase classname="testautomation.qaengineer.CommonPageTest" name="testSwitching" time="23.275"/>
  <system-out/>
</testsuite> <!-- testautomation.qaengineer.CommonPageTest -->
