<?xml version="1.0" encoding="UTF-8"?>
<!-- Generated by org.testng.reporters.JUnitReportReporter -->
<testsuite hostname="DESKTOP-8G24FNN" failures="0" tests="1" name="testautomation.qaengineer.GraphQlTest" time="6.995" errors="0" timestamp="2023-05-07T16:28:40 WIB" skipped="0">
  <testcase classname="testautomation.qaengineer.GraphQlTest" name="CekTodosCompleted" time="6.995"/>
  <system-out/>
</testsuite> <!-- testautomation.qaengineer.GraphQlTest -->
