<?xml version="1.0" encoding="UTF-8"?>
<!-- Generated by org.testng.reporters.JUnitReportReporter -->
<testsuite hostname="DESKTOP-8G24FNN" failures="0" tests="1" name="testautomation.qaengineer.AppTest2" time="20.973" errors="0" timestamp="2023-05-17T20:38:24 WIB" skipped="0">
  <testcase classname="testautomation.qaengineer.AppTest2" name="LoginValid" time="20.973"/>
  <system-out/>
</testsuite> <!-- testautomation.qaengineer.AppTest2 -->
