<?xml version="1.0" encoding="UTF-8"?>
<!-- Generated by org.testng.reporters.JUnitReportReporter -->
<testsuite hostname="DESKTOP-8G24FNN" failures="0" tests="3" name="testautomation.qaengineer.AppTest" time="124.935" errors="0" timestamp="2023-03-29T16:16:17 WIB" skipped="0">
  <testcase classname="testautomation.qaengineer.AppTest" name="LoginValid" time="45.105"/>
  <system-out/>
  <testcase classname="testautomation.qaengineer.AppTest" name="LoginPassInvalid" time="41.246"/>
  <system-out/>
  <testcase classname="testautomation.qaengineer.AppTest" name="LoginUsernameNull" time="38.584"/>
  <system-out/>
</testsuite> <!-- testautomation.qaengineer.AppTest -->
