<?xml version="1.0" encoding="UTF-8"?>
<!-- Generated by org.testng.reporters.JUnitReportReporter -->
<testsuite hostname="DESKTOP-8G24FNN" failures="0" tests="3" name="testautomation.qaengineer.AppTest2" time="25.090" errors="0" timestamp="17 May 2023 14:05:48 GMT" skipped="0">
  <testcase classname="testautomation.qaengineer.AppTest2" name="LoginPassInvalid" time="7.684"/>
  <testcase classname="testautomation.qaengineer.AppTest2" name="LoginValid" time="11.051"/>
  <testcase classname="testautomation.qaengineer.AppTest2" name="LoginUsernameNull" time="6.355"/>
</testsuite> <!-- testautomation.qaengineer.AppTest2 -->
