<?xml version="1.0" encoding="UTF-8"?>
<!-- Generated by org.testng.reporters.JUnitReportReporter -->
<testsuite hostname="DESKTOP-8G24FNN" failures="0" tests="2" name="testautomation.qaengineer.GraphQlTest" time="7.852" errors="0" timestamp="17 May 2023 14:05:48 GMT" skipped="0">
  <testcase classname="testautomation.qaengineer.GraphQlTest" name="CekTodosCompleted" time="6.967"/>
  <testcase classname="testautomation.qaengineer.GraphQlTest" name="getUsersName" time="0.885"/>
</testsuite> <!-- testautomation.qaengineer.GraphQlTest -->
